execve("./app", ["./app", "-s"], [/* 78 vars */]) = 0
brk(NULL)                               = 0xaab000
access("/etc/ld.so.nohwcap", F_OK)      = -1 ENOENT (No such file or directory)
access("/etc/ld.so.preload", R_OK)      = -1 ENOENT (No such file or directory)
open("/home/jiao/git/TaLos/poc/App/tls/x86_64/libssl.so", O_RDONLY|O_CLOEXEC) = -1 ENOENT (No such file or directory)
stat("/home/jiao/git/TaLos/poc/App/tls/x86_64", 0x7ffc1d46b780) = -1 ENOENT (No such file or directory)
open("/home/jiao/git/TaLos/poc/App/tls/libssl.so", O_RDONLY|O_CLOEXEC) = -1 ENOENT (No such file or directory)
stat("/home/jiao/git/TaLos/poc/App/tls", 0x7ffc1d46b780) = -1 ENOENT (No such file or directory)
open("/home/jiao/git/TaLos/poc/App/x86_64/libssl.so", O_RDONLY|O_CLOEXEC) = -1 ENOENT (No such file or directory)
stat("/home/jiao/git/TaLos/poc/App/x86_64", 0x7ffc1d46b780) = -1 ENOENT (No such file or directory)
open("/home/jiao/git/TaLos/poc/App/libssl.so", O_RDONLY|O_CLOEXEC) = -1 ENOENT (No such file or directory)
stat("/home/jiao/git/TaLos/poc/App", 0x7ffc1d46b780) = -1 ENOENT (No such file or directory)
open("/home/jiao/sgxsdk/sdk_libs/tls/x86_64/libssl.so", O_RDONLY|O_CLOEXEC) = -1 ENOENT (No such file or directory)
stat("/home/jiao/sgxsdk/sdk_libs/tls/x86_64", 0x7ffc1d46b780) = -1 ENOENT (No such file or directory)
open("/home/jiao/sgxsdk/sdk_libs/tls/libssl.so", O_RDONLY|O_CLOEXEC) = -1 ENOENT (No such file or directory)
stat("/home/jiao/sgxsdk/sdk_libs/tls", 0x7ffc1d46b780) = -1 ENOENT (No such file or directory)
open("/home/jiao/sgxsdk/sdk_libs/x86_64/libssl.so", O_RDONLY|O_CLOEXEC) = -1 ENOENT (No such file or directory)
stat("/home/jiao/sgxsdk/sdk_libs/x86_64", 0x7ffc1d46b780) = -1 ENOENT (No such file or directory)
open("/home/jiao/sgxsdk/sdk_libs/libssl.so", O_RDONLY|O_CLOEXEC) = -1 ENOENT (No such file or directory)
stat("/home/jiao/sgxsdk/sdk_libs", {st_mode=S_IFDIR|0755, st_size=4096, ...}) = 0
open("/etc/ld.so.cache", O_RDONLY|O_CLOEXEC) = 3
fstat(3, {st_mode=S_IFREG|0644, st_size=134938, ...}) = 0
mmap(NULL, 134938, PROT_READ, MAP_PRIVATE, 3, 0) = 0x7ff864cbc000
close(3)                                = 0
access("/etc/ld.so.nohwcap", F_OK)      = -1 ENOENT (No such file or directory)
open("/usr/lib/x86_64-linux-gnu/libssl.so", O_RDONLY|O_CLOEXEC) = 3
read(3, "\177ELF\2\1\1\0\0\0\0\0\0\0\0\0\3\0>\0\1\0\0\0\320^\1\0\0\0\0\0"..., 832) = 832
fstat(3, {st_mode=S_IFREG|0644, st_size=428384, ...}) = 0
mmap(NULL, 4096, PROT_READ|PROT_WRITE, MAP_PRIVATE|MAP_ANONYMOUS, -1, 0) = 0x7ff864cbb000
mmap(NULL, 2523600, PROT_READ|PROT_EXEC, MAP_PRIVATE|MAP_DENYWRITE, 3, 0) = 0x7ff86484f000
mprotect(0x7ff8648ad000, 2097152, PROT_NONE) = 0
mmap(0x7ff864aad000, 45056, PROT_READ|PROT_WRITE, MAP_PRIVATE|MAP_FIXED|MAP_DENYWRITE, 3, 0x5e000) = 0x7ff864aad000
close(3)                                = 0
open("/home/jiao/sgxsdk/sdk_libs/libpthread.so.0", O_RDONLY|O_CLOEXEC) = -1 ENOENT (No such file or directory)
access("/etc/ld.so.nohwcap", F_OK)      = -1 ENOENT (No such file or directory)
open("/lib/x86_64-linux-gnu/libpthread.so.0", O_RDONLY|O_CLOEXEC) = 3
read(3, "\177ELF\2\1\1\0\0\0\0\0\0\0\0\0\3\0>\0\1\0\0\0\260`\0\0\0\0\0\0"..., 832) = 832
fstat(3, {st_mode=S_IFREG|0755, st_size=138696, ...}) = 0
mmap(NULL, 2212904, PROT_READ|PROT_EXEC, MAP_PRIVATE|MAP_DENYWRITE, 3, 0) = 0x7ff864632000
mprotect(0x7ff86464a000, 2093056, PROT_NONE) = 0
mmap(0x7ff864849000, 8192, PROT_READ|PROT_WRITE, MAP_PRIVATE|MAP_FIXED|MAP_DENYWRITE, 3, 0x17000) = 0x7ff864849000
mmap(0x7ff86484b000, 13352, PROT_READ|PROT_WRITE, MAP_PRIVATE|MAP_FIXED|MAP_ANONYMOUS, -1, 0) = 0x7ff86484b000
close(3)                                = 0
open("/home/jiao/sgxsdk/sdk_libs/libc.so.6", O_RDONLY|O_CLOEXEC) = -1 ENOENT (No such file or directory)
access("/etc/ld.so.nohwcap", F_OK)      = -1 ENOENT (No such file or directory)
open("/lib/x86_64-linux-gnu/libc.so.6", O_RDONLY|O_CLOEXEC) = 3
read(3, "\177ELF\2\1\1\3\0\0\0\0\0\0\0\0\3\0>\0\1\0\0\0P\t\2\0\0\0\0\0"..., 832) = 832
fstat(3, {st_mode=S_IFREG|0755, st_size=1868984, ...}) = 0
mmap(NULL, 3971488, PROT_READ|PROT_EXEC, MAP_PRIVATE|MAP_DENYWRITE, 3, 0) = 0x7ff864268000
mprotect(0x7ff864428000, 2097152, PROT_NONE) = 0
mmap(0x7ff864628000, 24576, PROT_READ|PROT_WRITE, MAP_PRIVATE|MAP_FIXED|MAP_DENYWRITE, 3, 0x1c0000) = 0x7ff864628000
mmap(0x7ff86462e000, 14752, PROT_READ|PROT_WRITE, MAP_PRIVATE|MAP_FIXED|MAP_ANONYMOUS, -1, 0) = 0x7ff86462e000
close(3)                                = 0
open("/home/jiao/sgxsdk/sdk_libs/libcrypto.so.1.0.0", O_RDONLY|O_CLOEXEC) = -1 ENOENT (No such file or directory)
access("/etc/ld.so.nohwcap", F_OK)      = -1 ENOENT (No such file or directory)
open("/lib/x86_64-linux-gnu/libcrypto.so.1.0.0", O_RDONLY|O_CLOEXEC) = 3
read(3, "\177ELF\2\1\1\0\0\0\0\0\0\0\0\0\3\0>\0\1\0\0\0\0\36\6\0\0\0\0\0"..., 832) = 832
fstat(3, {st_mode=S_IFREG|0644, st_size=2361856, ...}) = 0
mmap(NULL, 4096, PROT_READ|PROT_WRITE, MAP_PRIVATE|MAP_ANONYMOUS, -1, 0) = 0x7ff864cba000
mmap(NULL, 4471680, PROT_READ|PROT_EXEC, MAP_PRIVATE|MAP_DENYWRITE, 3, 0) = 0x7ff863e24000
mprotect(0x7ff86403e000, 2093056, PROT_NONE) = 0
mmap(0x7ff86423d000, 163840, PROT_READ|PROT_WRITE, MAP_PRIVATE|MAP_FIXED|MAP_DENYWRITE, 3, 0x219000) = 0x7ff86423d000
mmap(0x7ff864265000, 11136, PROT_READ|PROT_WRITE, MAP_PRIVATE|MAP_FIXED|MAP_ANONYMOUS, -1, 0) = 0x7ff864265000
close(3)                                = 0
open("/home/jiao/sgxsdk/sdk_libs/libdl.so.2", O_RDONLY|O_CLOEXEC) = -1 ENOENT (No such file or directory)
access("/etc/ld.so.nohwcap", F_OK)      = -1 ENOENT (No such file or directory)
open("/lib/x86_64-linux-gnu/libdl.so.2", O_RDONLY|O_CLOEXEC) = 3
read(3, "\177ELF\2\1\1\0\0\0\0\0\0\0\0\0\3\0>\0\1\0\0\0\240\r\0\0\0\0\0\0"..., 832) = 832
fstat(3, {st_mode=S_IFREG|0644, st_size=14608, ...}) = 0
mmap(NULL, 2109680, PROT_READ|PROT_EXEC, MAP_PRIVATE|MAP_DENYWRITE, 3, 0) = 0x7ff863c20000
mprotect(0x7ff863c23000, 2093056, PROT_NONE) = 0
mmap(0x7ff863e22000, 8192, PROT_READ|PROT_WRITE, MAP_PRIVATE|MAP_FIXED|MAP_DENYWRITE, 3, 0x2000) = 0x7ff863e22000
close(3)                                = 0
mmap(NULL, 4096, PROT_READ|PROT_WRITE, MAP_PRIVATE|MAP_ANONYMOUS, -1, 0) = 0x7ff864cb9000
mmap(NULL, 4096, PROT_READ|PROT_WRITE, MAP_PRIVATE|MAP_ANONYMOUS, -1, 0) = 0x7ff864cb8000
mmap(NULL, 4096, PROT_READ|PROT_WRITE, MAP_PRIVATE|MAP_ANONYMOUS, -1, 0) = 0x7ff864cb7000
arch_prctl(ARCH_SET_FS, 0x7ff864cb8700) = 0
mprotect(0x7ff864628000, 16384, PROT_READ) = 0
mprotect(0x7ff863e22000, 4096, PROT_READ) = 0
mprotect(0x7ff86423d000, 114688, PROT_READ) = 0
mprotect(0x7ff864849000, 4096, PROT_READ) = 0
mprotect(0x7ff864aad000, 16384, PROT_READ) = 0
mprotect(0x601000, 4096, PROT_READ)     = 0
mprotect(0x7ff864cdd000, 4096, PROT_READ) = 0
munmap(0x7ff864cbc000, 134938)          = 0
set_tid_address(0x7ff864cb89d0)         = 5735
set_robust_list(0x7ff864cb89e0, 24)     = 0
rt_sigaction(SIGRTMIN, {0x7ff864637b50, [], SA_RESTORER|SA_SIGINFO, 0x7ff864643390}, NULL, 8) = 0
rt_sigaction(SIGRT_1, {0x7ff864637be0, [], SA_RESTORER|SA_RESTART|SA_SIGINFO, 0x7ff864643390}, NULL, 8) = 0
rt_sigprocmask(SIG_UNBLOCK, [RTMIN RT_1], NULL, 8) = 0
getrlimit(RLIMIT_STACK, {rlim_cur=8192*1024, rlim_max=RLIM64_INFINITY}) = 0
fstat(1, {st_mode=S_IFCHR|0620, st_rdev=makedev(136, 20), ...}) = 0
brk(NULL)                               = 0xaab000
brk(0xacc000)                           = 0xacc000
write(1, "Start\n", 6)                  = 6
write(1, "Server Test:\n", 13)          = 13
socket(PF_INET, SOCK_STREAM, IPPROTO_IP) = 3
open("/dev/urandom", O_RDONLY|O_NOCTTY|O_NONBLOCK) = 4
fstat(4, {st_mode=S_IFCHR|0666, st_rdev=makedev(1, 9), ...}) = 0
poll([{fd=4, events=POLLIN}], 1, 10)    = 1 ([{fd=4, revents=POLLIN}])
read(4, "\34\33\261]\266FF\2521\312l\372\233\307\3\332|\10\3\201{\212B\226\370\330\240?\324-\332q", 32) = 32
close(4)                                = 0
getuid()                                = 1000
bind(3, {sa_family=AF_INET, sin_port=htons(11111), sin_addr=inet_addr("0.0.0.0")}, 16) = 0
listen(3, 5)                            = 0
write(1, "Waiting for a connection...\n", 28) = 28
accept(3, {sa_family=AF_INET, sin_port=htons(33508), sin_addr=inet_addr("127.0.0.1")}, [16]) = 4
write(1, "set fd...\n", 10)             = 10
write(1, "Client connected successfully\n", 30) = 30
write(1, "Server failed to read\n", 22) = 22
write(1, "Client: \n", 9)               = 9
write(1, "Server write failed.\n", 21)  = 21
exit_group(0)                           = ?
+++ exited with 0 +++
